[0.474s] DEBUG:colcon:Command line arguments: ['/usr/bin/colcon', 'build']
[0.474s] DEBUG:colcon:Parsed command line arguments: Namespace(log_base=None, log_level=None, verb_name='build', build_base='build', install_base='install', merge_install=False, symlink_install=False, test_result_base=None, continue_on_error=False, executor='parallel', parallel_workers=2, event_handlers=None, ignore_user_meta=False, metas=['./colcon.meta'], base_paths=['.'], packages_ignore=None, packages_ignore_regex=None, paths=None, packages_up_to=None, packages_up_to_regex=None, packages_above=None, packages_above_and_dependencies=None, packages_above_depth=None, packages_select_by_dep=None, packages_skip_by_dep=None, packages_skip_up_to=None, packages_select_build_failed=False, packages_skip_build_finished=False, packages_select_test_failures=False, packages_skip_test_passed=False, packages_select=None, packages_skip=None, packages_select_regex=None, packages_skip_regex=None, packages_start=None, packages_end=None, allow_overriding=[], cmake_args=None, cmake_target=None, cmake_target_skip_unavailable=False, cmake_clean_cache=False, cmake_clean_first=False, cmake_force_configure=False, ament_cmake_args=None, catkin_cmake_args=None, catkin_skip_building_tests=False, mixin_files=None, mixin=None, verb_parser=<colcon_mixin.mixin.mixin_argument.MixinArgumentDecorator object at 0x787542fb21a0>, verb_extension=<colcon_core.verb.build.BuildVerb object at 0x787542fb1540>, main=<bound method BuildVerb.main of <colcon_core.verb.build.BuildVerb object at 0x787542fb1540>>, mixin_verb=('build',))
[1.424s] Level 1:colcon.colcon_core.package_discovery:discover_packages(colcon_meta) check parameters
[1.424s] Level 1:colcon.colcon_core.package_discovery:discover_packages(recursive) check parameters
[1.424s] Level 1:colcon.colcon_core.package_discovery:discover_packages(ignore) check parameters
[1.424s] Level 1:colcon.colcon_core.package_discovery:discover_packages(path) check parameters
[1.424s] Level 1:colcon.colcon_core.package_discovery:discover_packages(colcon_meta) discover
[1.424s] Level 1:colcon.colcon_core.package_discovery:discover_packages(recursive) discover
[1.424s] INFO:colcon.colcon_core.package_discovery:Crawling recursively for packages in '/home/mars_host/mars-control-station'
[1.424s] Level 1:colcon.colcon_core.package_identification:_identify(.) by extensions ['ignore', 'ignore_ament_install']
[1.424s] Level 1:colcon.colcon_core.package_identification:_identify(.) by extension 'ignore'
[1.424s] Level 1:colcon.colcon_core.package_identification:_identify(.) by extension 'ignore_ament_install'
[1.424s] Level 1:colcon.colcon_core.package_identification:_identify(.) by extensions ['colcon_pkg']
[1.424s] Level 1:colcon.colcon_core.package_identification:_identify(.) by extension 'colcon_pkg'
[1.424s] Level 1:colcon.colcon_core.package_identification:_identify(.) by extensions ['colcon_meta']
[1.424s] Level 1:colcon.colcon_core.package_identification:_identify(.) by extension 'colcon_meta'
[1.424s] Level 1:colcon.colcon_core.package_identification:_identify(.) by extensions ['ros']
[1.424s] Level 1:colcon.colcon_core.package_identification:_identify(.) by extension 'ros'
[1.461s] Level 1:colcon.colcon_core.package_identification:_identify(.) by extensions ['cmake', 'python']
[1.461s] Level 1:colcon.colcon_core.package_identification:_identify(.) by extension 'cmake'
[1.461s] Level 1:colcon.colcon_core.package_identification:_identify(.) by extension 'python'
[1.461s] Level 1:colcon.colcon_core.package_identification:_identify(.) by extensions ['python_setup_py']
[1.461s] Level 1:colcon.colcon_core.package_identification:_identify(.) by extension 'python_setup_py'
[1.462s] Level 1:colcon.colcon_core.package_identification:_identify(build) by extensions ['ignore', 'ignore_ament_install']
[1.462s] Level 1:colcon.colcon_core.package_identification:_identify(build) by extension 'ignore'
[1.462s] Level 1:colcon.colcon_core.package_identification:_identify(build) ignored
[1.462s] Level 1:colcon.colcon_core.package_identification:_identify(gamepad) by extensions ['ignore', 'ignore_ament_install']
[1.462s] Level 1:colcon.colcon_core.package_identification:_identify(gamepad) by extension 'ignore'
[1.462s] Level 1:colcon.colcon_core.package_identification:_identify(gamepad) by extension 'ignore_ament_install'
[1.462s] Level 1:colcon.colcon_core.package_identification:_identify(gamepad) by extensions ['colcon_pkg']
[1.462s] Level 1:colcon.colcon_core.package_identification:_identify(gamepad) by extension 'colcon_pkg'
[1.462s] Level 1:colcon.colcon_core.package_identification:_identify(gamepad) by extensions ['colcon_meta']
[1.462s] Level 1:colcon.colcon_core.package_identification:_identify(gamepad) by extension 'colcon_meta'
[1.462s] Level 1:colcon.colcon_core.package_identification:_identify(gamepad) by extensions ['ros']
[1.462s] Level 1:colcon.colcon_core.package_identification:_identify(gamepad) by extension 'ros'
[1.462s] Level 1:colcon.colcon_core.package_identification:_identify(gamepad) by extensions ['cmake', 'python']
[1.462s] Level 1:colcon.colcon_core.package_identification:_identify(gamepad) by extension 'cmake'
[1.462s] Level 1:colcon.colcon_core.package_identification:_identify(gamepad) by extension 'python'
[1.462s] Level 1:colcon.colcon_core.package_identification:_identify(gamepad) by extensions ['python_setup_py']
[1.462s] Level 1:colcon.colcon_core.package_identification:_identify(gamepad) by extension 'python_setup_py'
[1.462s] Level 1:colcon.colcon_core.package_identification:_identify(install) by extensions ['ignore', 'ignore_ament_install']
[1.462s] Level 1:colcon.colcon_core.package_identification:_identify(install) by extension 'ignore'
[1.462s] Level 1:colcon.colcon_core.package_identification:_identify(install) ignored
[1.463s] Level 1:colcon.colcon_core.package_identification:_identify(log) by extensions ['ignore', 'ignore_ament_install']
[1.463s] Level 1:colcon.colcon_core.package_identification:_identify(log) by extension 'ignore'
[1.463s] Level 1:colcon.colcon_core.package_identification:_identify(log) ignored
[1.463s] Level 1:colcon.colcon_core.package_identification:_identify(react-app) by extensions ['ignore', 'ignore_ament_install']
[1.463s] Level 1:colcon.colcon_core.package_identification:_identify(react-app) by extension 'ignore'
[1.463s] Level 1:colcon.colcon_core.package_identification:_identify(react-app) by extension 'ignore_ament_install'
[1.463s] Level 1:colcon.colcon_core.package_identification:_identify(react-app) by extensions ['colcon_pkg']
[1.463s] Level 1:colcon.colcon_core.package_identification:_identify(react-app) by extension 'colcon_pkg'
[1.463s] Level 1:colcon.colcon_core.package_identification:_identify(react-app) by extensions ['colcon_meta']
[1.463s] Level 1:colcon.colcon_core.package_identification:_identify(react-app) by extension 'colcon_meta'
[1.463s] Level 1:colcon.colcon_core.package_identification:_identify(react-app) by extensions ['ros']
[1.463s] Level 1:colcon.colcon_core.package_identification:_identify(react-app) by extension 'ros'
[1.463s] Level 1:colcon.colcon_core.package_identification:_identify(react-app) by extensions ['cmake', 'python']
[1.463s] Level 1:colcon.colcon_core.package_identification:_identify(react-app) by extension 'cmake'
[1.463s] Level 1:colcon.colcon_core.package_identification:_identify(react-app) by extension 'python'
[1.463s] Level 1:colcon.colcon_core.package_identification:_identify(react-app) by extensions ['python_setup_py']
[1.463s] Level 1:colcon.colcon_core.package_identification:_identify(react-app) by extension 'python_setup_py'
[1.463s] Level 1:colcon.colcon_core.package_identification:_identify(react-app/public) by extensions ['ignore', 'ignore_ament_install']
[1.464s] Level 1:colcon.colcon_core.package_identification:_identify(react-app/public) by extension 'ignore'
[1.464s] Level 1:colcon.colcon_core.package_identification:_identify(react-app/public) by extension 'ignore_ament_install'
[1.464s] Level 1:colcon.colcon_core.package_identification:_identify(react-app/public) by extensions ['colcon_pkg']
[1.464s] Level 1:colcon.colcon_core.package_identification:_identify(react-app/public) by extension 'colcon_pkg'
[1.464s] Level 1:colcon.colcon_core.package_identification:_identify(react-app/public) by extensions ['colcon_meta']
[1.464s] Level 1:colcon.colcon_core.package_identification:_identify(react-app/public) by extension 'colcon_meta'
[1.464s] Level 1:colcon.colcon_core.package_identification:_identify(react-app/public) by extensions ['ros']
[1.464s] Level 1:colcon.colcon_core.package_identification:_identify(react-app/public) by extension 'ros'
[1.464s] Level 1:colcon.colcon_core.package_identification:_identify(react-app/public) by extensions ['cmake', 'python']
[1.464s] Level 1:colcon.colcon_core.package_identification:_identify(react-app/public) by extension 'cmake'
[1.464s] Level 1:colcon.colcon_core.package_identification:_identify(react-app/public) by extension 'python'
[1.464s] Level 1:colcon.colcon_core.package_identification:_identify(react-app/public) by extensions ['python_setup_py']
[1.464s] Level 1:colcon.colcon_core.package_identification:_identify(react-app/public) by extension 'python_setup_py'
[1.464s] Level 1:colcon.colcon_core.package_identification:_identify(react-app/src) by extensions ['ignore', 'ignore_ament_install']
[1.464s] Level 1:colcon.colcon_core.package_identification:_identify(react-app/src) by extension 'ignore'
[1.464s] Level 1:colcon.colcon_core.package_identification:_identify(react-app/src) by extension 'ignore_ament_install'
[1.464s] Level 1:colcon.colcon_core.package_identification:_identify(react-app/src) by extensions ['colcon_pkg']
[1.464s] Level 1:colcon.colcon_core.package_identification:_identify(react-app/src) by extension 'colcon_pkg'
[1.464s] Level 1:colcon.colcon_core.package_identification:_identify(react-app/src) by extensions ['colcon_meta']
[1.464s] Level 1:colcon.colcon_core.package_identification:_identify(react-app/src) by extension 'colcon_meta'
[1.464s] Level 1:colcon.colcon_core.package_identification:_identify(react-app/src) by extensions ['ros']
[1.465s] Level 1:colcon.colcon_core.package_identification:_identify(react-app/src) by extension 'ros'
[1.465s] Level 1:colcon.colcon_core.package_identification:_identify(react-app/src) by extensions ['cmake', 'python']
[1.465s] Level 1:colcon.colcon_core.package_identification:_identify(react-app/src) by extension 'cmake'
[1.465s] Level 1:colcon.colcon_core.package_identification:_identify(react-app/src) by extension 'python'
[1.465s] Level 1:colcon.colcon_core.package_identification:_identify(react-app/src) by extensions ['python_setup_py']
[1.465s] Level 1:colcon.colcon_core.package_identification:_identify(react-app/src) by extension 'python_setup_py'
[1.465s] Level 1:colcon.colcon_core.package_identification:_identify(react-app/src/Components) by extensions ['ignore', 'ignore_ament_install']
[1.465s] Level 1:colcon.colcon_core.package_identification:_identify(react-app/src/Components) by extension 'ignore'
[1.465s] Level 1:colcon.colcon_core.package_identification:_identify(react-app/src/Components) by extension 'ignore_ament_install'
[1.465s] Level 1:colcon.colcon_core.package_identification:_identify(react-app/src/Components) by extensions ['colcon_pkg']
[1.465s] Level 1:colcon.colcon_core.package_identification:_identify(react-app/src/Components) by extension 'colcon_pkg'
[1.465s] Level 1:colcon.colcon_core.package_identification:_identify(react-app/src/Components) by extensions ['colcon_meta']
[1.465s] Level 1:colcon.colcon_core.package_identification:_identify(react-app/src/Components) by extension 'colcon_meta'
[1.465s] Level 1:colcon.colcon_core.package_identification:_identify(react-app/src/Components) by extensions ['ros']
[1.465s] Level 1:colcon.colcon_core.package_identification:_identify(react-app/src/Components) by extension 'ros'
[1.465s] Level 1:colcon.colcon_core.package_identification:_identify(react-app/src/Components) by extensions ['cmake', 'python']
[1.465s] Level 1:colcon.colcon_core.package_identification:_identify(react-app/src/Components) by extension 'cmake'
[1.465s] Level 1:colcon.colcon_core.package_identification:_identify(react-app/src/Components) by extension 'python'
[1.465s] Level 1:colcon.colcon_core.package_identification:_identify(react-app/src/Components) by extensions ['python_setup_py']
[1.465s] Level 1:colcon.colcon_core.package_identification:_identify(react-app/src/Components) by extension 'python_setup_py'
[1.465s] Level 1:colcon.colcon_core.package_identification:_identify(server) by extensions ['ignore', 'ignore_ament_install']
[1.465s] Level 1:colcon.colcon_core.package_identification:_identify(server) by extension 'ignore'
[1.465s] Level 1:colcon.colcon_core.package_identification:_identify(server) by extension 'ignore_ament_install'
[1.465s] Level 1:colcon.colcon_core.package_identification:_identify(server) by extensions ['colcon_pkg']
[1.466s] Level 1:colcon.colcon_core.package_identification:_identify(server) by extension 'colcon_pkg'
[1.466s] Level 1:colcon.colcon_core.package_identification:_identify(server) by extensions ['colcon_meta']
[1.466s] Level 1:colcon.colcon_core.package_identification:_identify(server) by extension 'colcon_meta'
[1.466s] Level 1:colcon.colcon_core.package_identification:_identify(server) by extensions ['ros']
[1.466s] Level 1:colcon.colcon_core.package_identification:_identify(server) by extension 'ros'
[1.466s] Level 1:colcon.colcon_core.package_identification:_identify(server) by extensions ['cmake', 'python']
[1.466s] Level 1:colcon.colcon_core.package_identification:_identify(server) by extension 'cmake'
[1.466s] Level 1:colcon.colcon_core.package_identification:_identify(server) by extension 'python'
[1.466s] Level 1:colcon.colcon_core.package_identification:_identify(server) by extensions ['python_setup_py']
[1.466s] Level 1:colcon.colcon_core.package_identification:_identify(server) by extension 'python_setup_py'
[1.466s] Level 1:colcon.colcon_core.package_discovery:discover_packages(recursive) using defaults
[1.466s] Level 1:colcon.colcon_core.package_discovery:discover_packages(ignore) discover
[1.466s] Level 1:colcon.colcon_core.package_discovery:discover_packages(ignore) using defaults
[1.466s] Level 1:colcon.colcon_core.package_discovery:discover_packages(path) discover
[1.466s] Level 1:colcon.colcon_core.package_discovery:discover_packages(path) using defaults
[1.540s] Level 1:colcon.colcon_core.package_discovery:discover_packages(prefix_path) check parameters
[1.541s] Level 1:colcon.colcon_core.package_discovery:discover_packages(prefix_path) discover
[1.580s] DEBUG:colcon.colcon_installed_package_information.package_discovery:Found 6 installed packages in /home/mars_host/mars-ros2/install
[1.580s] DEBUG:colcon.colcon_installed_package_information.package_discovery:Found 1 installed packages in /home/mars_host/mars-ros2/src/webcam/install
[1.590s] DEBUG:colcon.colcon_installed_package_information.package_discovery:Found 284 installed packages in /opt/ros/humble
[1.592s] Level 1:colcon.colcon_core.package_discovery:discover_packages(prefix_path) using defaults
[1.705s] INFO:colcon.colcon_core.executor:Executing jobs using 'parallel' executor
[1.707s] DEBUG:colcon.colcon_parallel_executor.executor.parallel:run_until_complete
[1.708s] DEBUG:colcon.colcon_parallel_executor.executor.parallel:closing loop
[1.708s] DEBUG:colcon.colcon_parallel_executor.executor.parallel:loop closed
[1.708s] DEBUG:colcon.colcon_parallel_executor.executor.parallel:run_until_complete finished with '0'
[1.708s] DEBUG:colcon.colcon_core.event_reactor:joining thread
[1.717s] INFO:colcon.colcon_core.plugin_system:Skipping extension 'colcon_notification.desktop_notification.terminal_notifier': Not used on non-Darwin systems
[1.717s] INFO:colcon.colcon_core.plugin_system:Skipping extension 'colcon_notification.desktop_notification.win32': Not used on non-Windows systems
[1.719s] INFO:colcon.colcon_notification.desktop_notification:Sending desktop notification using 'notify2'
[1.791s] DEBUG:colcon.colcon_core.event_reactor:joined thread
[1.818s] INFO:colcon.colcon_core.plugin_system:Skipping extension 'colcon_core.shell.bat': Not used on non-Windows systems
[1.818s] INFO:colcon.colcon_core.shell:Creating prefix script '/home/mars_host/mars-control-station/install/local_setup.ps1'
[1.821s] INFO:colcon.colcon_core.shell:Creating prefix util module '/home/mars_host/mars-control-station/install/_local_setup_util_ps1.py'
[1.823s] INFO:colcon.colcon_core.shell:Creating prefix chain script '/home/mars_host/mars-control-station/install/setup.ps1'
[1.824s] INFO:colcon.colcon_core.shell:Creating prefix script '/home/mars_host/mars-control-station/install/local_setup.sh'
[1.825s] INFO:colcon.colcon_core.shell:Creating prefix util module '/home/mars_host/mars-control-station/install/_local_setup_util_sh.py'
[1.825s] INFO:colcon.colcon_core.shell:Creating prefix chain script '/home/mars_host/mars-control-station/install/setup.sh'
[1.827s] INFO:colcon.colcon_core.shell:Creating prefix script '/home/mars_host/mars-control-station/install/local_setup.bash'
[1.827s] INFO:colcon.colcon_core.shell:Creating prefix chain script '/home/mars_host/mars-control-station/install/setup.bash'
[1.829s] INFO:colcon.colcon_core.shell:Creating prefix script '/home/mars_host/mars-control-station/install/local_setup.zsh'
[1.829s] INFO:colcon.colcon_core.shell:Creating prefix chain script '/home/mars_host/mars-control-station/install/setup.zsh'
